[debug] [2020-08-09T20:55:35.317Z] ----------------------------------------------------------------------
[debug] [2020-08-09T20:55:35.320Z] Command:       /usr/local/bin/node /usr/local/bin/firebase deploy
[debug] [2020-08-09T20:55:35.320Z] CLI Version:   8.7.0
[debug] [2020-08-09T20:55:35.320Z] Platform:      darwin
[debug] [2020-08-09T20:55:35.320Z] Node Version:  v14.6.0
[debug] [2020-08-09T20:55:35.330Z] Time:          Sun Aug 09 2020 22:55:35 GMT+0200 (Mitteleuropäische Sommerzeit)
[debug] [2020-08-09T20:55:35.330Z] ----------------------------------------------------------------------
[debug] [2020-08-09T20:55:35.330Z] 
[debug] [2020-08-09T20:55:35.348Z] > command requires scopes: ["email","openid","https://www.googleapis.com/auth/cloudplatformprojects.readonly","https://www.googleapis.com/auth/firebase","https://www.googleapis.com/auth/cloud-platform"]
[debug] [2020-08-09T20:55:35.349Z] > authorizing via signed-in user
[debug] [2020-08-09T20:55:35.349Z] [iam] checking project lawpilots for permissions ["firebase.projects.get","firebasehosting.sites.update"]
[debug] [2020-08-09T20:55:35.353Z] >>> HTTP REQUEST POST https://cloudresourcemanager.googleapis.com/v1/projects/lawpilots:testIamPermissions  
 {"permissions":["firebase.projects.get","firebasehosting.sites.update"]}
[debug] [2020-08-09T20:55:36.288Z] <<< HTTP RESPONSE 200 {"content-type":"application/json; charset=UTF-8","vary":"X-Origin, Referer, Origin,Accept-Encoding","date":"Sun, 09 Aug 2020 20:55:36 GMT","server":"ESF","cache-control":"private","x-xss-protection":"0","x-frame-options":"SAMEORIGIN","x-content-type-options":"nosniff","server-timing":"gfet4t7; dur=682","alt-svc":"h3-29=\":443\"; ma=2592000,h3-27=\":443\"; ma=2592000,h3-T050=\":443\"; ma=2592000,h3-Q050=\":443\"; ma=2592000,h3-Q046=\":443\"; ma=2592000,h3-Q043=\":443\"; ma=2592000,quic=\":443\"; ma=2592000; v=\"46,43\"","accept-ranges":"none","transfer-encoding":"chunked"}
[debug] [2020-08-09T20:55:36.291Z] >>> HTTP REQUEST GET https://firebase.googleapis.com/v1beta1/projects/lawpilots  
 
[debug] [2020-08-09T20:55:36.589Z] <<< HTTP RESPONSE 200 {"content-type":"application/json; charset=UTF-8","vary":"X-Origin, Referer, Origin,Accept-Encoding","date":"Sun, 09 Aug 2020 20:55:36 GMT","server":"ESF","cache-control":"private","x-xss-protection":"0","x-frame-options":"SAMEORIGIN","x-content-type-options":"nosniff","alt-svc":"h3-29=\":443\"; ma=2592000,h3-27=\":443\"; ma=2592000,h3-T050=\":443\"; ma=2592000,h3-Q050=\":443\"; ma=2592000,h3-Q046=\":443\"; ma=2592000,h3-Q043=\":443\"; ma=2592000,quic=\":443\"; ma=2592000; v=\"46,43\"","accept-ranges":"none","transfer-encoding":"chunked"}
[info] 
[info] === Deploying to 'lawpilots'...
[info] 
[info] i  deploying hosting 
[debug] [2020-08-09T20:55:36.592Z] >>> HTTP REQUEST POST https://firebasehosting.googleapis.com/v1beta1/sites/lawpilots/versions  
 {"config":{"rewrites":[{"glob":"**","path":"/index.html"}]},"labels":{"deployment-tool":"cli-firebase"}}
